<?xml version="1.0" encoding="UTF-8"?>
<!-- Generated by org.testng.reporters.JUnitXMLReporter -->
<testsuite ignored="0" hostname="DESKTOP-9JCE1NT" failures="0" tests="8" name="Default test" time="160.684" errors="0" timestamp="2023-06-18T11:16:43 EEST">
  <testcase classname="Main" name="A_signUp" time="15.761"/>
  <testcase classname="Main" name="B_signIn" time="15.98"/>
  <testcase classname="Main" name="C_selectSamsungRandomly" time="29.686"/>
  <testcase classname="Main" name="D_selectPhonesRandomly" time="38.76"/>
  <testcase classname="Main" name="E_selectLaptopsRandomly" time="27.131"/>
  <testcase classname="Main" name="F_selectMonitorsandomly" time="15.346"/>
  <testcase classname="Main" name="G_screenshot" time="5.959"/>
  <testcase classname="Main" name="H_checkOutProcess" time="10.41"/>
</testsuite> <!-- Default test -->
